Build started 12/31/2021 5:31:16 PM.
     1>Project "C:\Users\Hasan\Documents\Visual Studio 2012\Projects\Project1\Project1\Project1.vcxproj" on node 2 (Build target(s)).
     1>ClCompile:
         C:\Program Files (x86)\Microsoft Visual Studio 11.0\VC\bin\CL.exe /c /ZI /nologo /W3 /WX- /Od /Oy- /D _MBCS /Gm /EHsc /RTC1 /MDd /GS /fp:precise /Zc:wchar_t /Zc:forScope /Fo"Debug\\" /Fd"Debug\vc110.pdb" /Gd /TP /analyze- /errorReport:prompt ant.cpp bullet.cpp camera.cpp game.cpp main.cpp
         main.cpp
     1>c:\users\hasan\documents\visual studio 2012\projects\project1\project1\bullet.h(7): error C2236: unexpected token 'class'. Did you forget a ';'?
     1>c:\users\hasan\documents\visual studio 2012\projects\project1\project1\bullet.h(7): error C2143: syntax error : missing ';' before '{'
     1>c:\users\hasan\documents\visual studio 2012\projects\project1\project1\bullet.h(7): error C2447: '{' : missing function header (old-style formal list?)
     1>c:\users\hasan\documents\visual studio 2012\projects\project1\project1\ant.h(19): error C4430: missing type specifier - int assumed. Note: C++ does not support default-int
     1>c:\users\hasan\documents\visual studio 2012\projects\project1\project1\ant.h(19): error C2143: syntax error : missing ',' before '*'
     1>c:\users\hasan\documents\visual studio 2012\projects\project1\project1\game.h(18): error C2065: 'Bullet' : undeclared identifier
     1>c:\users\hasan\documents\visual studio 2012\projects\project1\project1\game.h(18): error C2059: syntax error : '>'
     1>c:\users\hasan\documents\visual studio 2012\projects\project1\project1\game.h(21): error C2065: 'Bullet' : undeclared identifier
     1>c:\users\hasan\documents\visual studio 2012\projects\project1\project1\game.h(21): error C2059: syntax error : '>'
     1>c:\users\hasan\documents\visual studio 2012\projects\project1\project1\game.h(21): error C2039: 'iterator' : is not a member of '`global namespace''
     1>c:\users\hasan\documents\visual studio 2012\projects\project1\project1\game.h(31): error C2059: syntax error : ')'
     1>c:\users\hasan\documents\visual studio 2012\projects\project1\project1\game.h(39): error C2143: syntax error : missing ';' before '}'
     1>c:\users\hasan\documents\visual studio 2012\projects\project1\project1\main.cpp(29): error C2143: syntax error : missing ',' before ')'
     1>c:\users\hasan\documents\visual studio 2012\projects\project1\project1\main.cpp(32): error C2143: syntax error : missing ',' before ')'
     1>c:\users\hasan\documents\visual studio 2012\projects\project1\project1\main.cpp(33): error C2327: 'Game::skybox' : is not a type name, static, or enumerator
     1>c:\users\hasan\documents\visual studio 2012\projects\project1\project1\main.cpp(33): error C2065: 'skybox' : undeclared identifier
     1>c:\users\hasan\documents\visual studio 2012\projects\project1\project1\main.cpp(33): error C2143: syntax error : missing ',' before ')'
     1>c:\users\hasan\documents\visual studio 2012\projects\project1\project1\main.cpp(36): error C2143: syntax error : missing ';' before '{'
     1>c:\users\hasan\documents\visual studio 2012\projects\project1\project1\main.cpp(38): error C2143: syntax error : missing ';' before '{'
     1>c:\users\hasan\documents\visual studio 2012\projects\project1\project1\main.cpp(40): error C2143: syntax error : missing ';' before '}'
     1>c:\users\hasan\documents\visual studio 2012\projects\project1\project1\main.cpp(42): error C2065: 'width' : undeclared identifier
     1>c:\users\hasan\documents\visual studio 2012\projects\project1\project1\main.cpp(42): error C2065: 'height' : undeclared identifier
     1>c:\users\hasan\documents\visual studio 2012\projects\project1\project1\main.cpp(42): error C2143: syntax error : missing ',' before ')'
     1>c:\users\hasan\documents\visual studio 2012\projects\project1\project1\main.cpp(48): error C2065: 'width' : undeclared identifier
     1>c:\users\hasan\documents\visual studio 2012\projects\project1\project1\main.cpp(48): error C2065: 'height' : undeclared identifier
     1>c:\users\hasan\documents\visual studio 2012\projects\project1\project1\main.cpp(48): error C2143: syntax error : missing ',' before ')'
     1>c:\users\hasan\documents\visual studio 2012\projects\project1\project1\main.cpp(54): error C2143: syntax error : missing ';' before '}'
     1>c:\users\hasan\documents\visual studio 2012\projects\project1\project1\main.cpp(57): error C2143: syntax error : missing ';' before '{'
     1>c:\users\hasan\documents\visual studio 2012\projects\project1\project1\main.cpp(59): error C2143: syntax error : missing ',' before ')'
     1>c:\users\hasan\documents\visual studio 2012\projects\project1\project1\main.cpp(67): error C2143: syntax error : missing ';' before '}'
     1>c:\users\hasan\documents\visual studio 2012\projects\project1\project1\main.cpp(73): error C2143: syntax error : missing ';' before '{'
     1>c:\users\hasan\documents\visual studio 2012\projects\project1\project1\main.cpp(75): error C2143: syntax error : missing ';' before '{'
     1>c:\users\hasan\documents\visual studio 2012\projects\project1\project1\main.cpp(76): error C2143: syntax error : missing ',' before ')'
     1>c:\users\hasan\documents\visual studio 2012\projects\project1\project1\main.cpp(78): error C2143: syntax error : missing ';' before '}'
     1>c:\users\hasan\documents\visual studio 2012\projects\project1\project1\main.cpp(89): error C2143: syntax error : missing ';' before '{'
     1>c:\users\hasan\documents\visual studio 2012\projects\project1\project1\main.cpp(91): error C2143: syntax error : missing ';' before '}'
     1>c:\users\hasan\documents\visual studio 2012\projects\project1\project1\main.cpp(93): error C2143: syntax error : missing ';' before '{'
     1>c:\users\hasan\documents\visual studio 2012\projects\project1\project1\main.cpp(95): error C2143: syntax error : missing ';' before '{'
     1>c:\users\hasan\documents\visual studio 2012\projects\project1\project1\main.cpp(97): error C2143: syntax error : missing ';' before '}'
     1>c:\users\hasan\documents\visual studio 2012\projects\project1\project1\main.cpp(98): error C2143: syntax error : missing ';' before '}'
     1>c:\users\hasan\documents\visual studio 2012\projects\project1\project1\main.cpp(100): error C2143: syntax error : missing ';' before '{'
     1>c:\users\hasan\documents\visual studio 2012\projects\project1\project1\main.cpp(102): error C2143: syntax error : missing ';' before '}'
     1>c:\users\hasan\documents\visual studio 2012\projects\project1\project1\main.cpp(104): error C2143: syntax error : missing ';' before '{'
     1>c:\users\hasan\documents\visual studio 2012\projects\project1\project1\main.cpp(106): error C2143: syntax error : missing ';' before '}'
     1>c:\users\hasan\documents\visual studio 2012\projects\project1\project1\main.cpp(119): error C2143: syntax error : missing ';' before '}'
     1>c:\users\hasan\documents\visual studio 2012\projects\project1\project1\main.cpp(122): error C2143: syntax error : missing ';' before '{'
     1>c:\users\hasan\documents\visual studio 2012\projects\project1\project1\main.cpp(128): error C2143: syntax error : missing ';' before '{'
     1>c:\users\hasan\documents\visual studio 2012\projects\project1\project1\main.cpp(131): error C2143: syntax error : missing ';' before '}'
     1>c:\users\hasan\documents\visual studio 2012\projects\project1\project1\main.cpp(133): error C2143: syntax error : missing ';' before '{'
     1>c:\users\hasan\documents\visual studio 2012\projects\project1\project1\main.cpp(134): error C2143: syntax error : missing ',' before ')'
     1>c:\users\hasan\documents\visual studio 2012\projects\project1\project1\main.cpp(135): error C2143: syntax error : missing ',' before ')'
     1>c:\users\hasan\documents\visual studio 2012\projects\project1\project1\main.cpp(136): error C2143: syntax error : missing ';' before '}'
     1>c:\users\hasan\documents\visual studio 2012\projects\project1\project1\main.cpp(141): error C2143: syntax error : missing ';' before '}'
     1>c:\users\hasan\documents\visual studio 2012\projects\project1\project1\main.cpp(144): error C2143: syntax error : missing ';' before '{'
     1>c:\users\hasan\documents\visual studio 2012\projects\project1\project1\main.cpp(146): error C2143: syntax error : missing ';' before '{'
     1>c:\users\hasan\documents\visual studio 2012\projects\project1\project1\main.cpp(149): error C2143: syntax error : missing ';' before '}'
     1>c:\users\hasan\documents\visual studio 2012\projects\project1\project1\main.cpp(152): error C2143: syntax error : missing ';' before '{'
     1>c:\users\hasan\documents\visual studio 2012\projects\project1\project1\main.cpp(154): error C2143: syntax error : missing ';' before '{'
     1>c:\users\hasan\documents\visual studio 2012\projects\project1\project1\main.cpp(155): error C2143: syntax error : missing ',' before ')'
     1>c:\users\hasan\documents\visual studio 2012\projects\project1\project1\main.cpp(156): error C2143: syntax error : missing ';' before '}'
     1>c:\users\hasan\documents\visual studio 2012\projects\project1\project1\main.cpp(159): error C2143: syntax error : missing ';' before '{'
     1>c:\users\hasan\documents\visual studio 2012\projects\project1\project1\main.cpp(160): error C2143: syntax error : missing ',' before ')'
     1>c:\users\hasan\documents\visual studio 2012\projects\project1\project1\main.cpp(161): error C2143: syntax error : missing ';' before '}'
     1>c:\users\hasan\documents\visual studio 2012\projects\project1\project1\main.cpp(163): error C2143: syntax error : missing ';' before '}'
     1>c:\users\hasan\documents\visual studio 2012\projects\project1\project1\main.cpp(165): error C2065: 'hDC' : undeclared identifier
     1>c:\users\hasan\documents\visual studio 2012\projects\project1\project1\main.cpp(166): error C2143: syntax error : missing ';' before '{'
     1>c:\users\hasan\documents\visual studio 2012\projects\project1\project1\main.cpp(167): error C2143: syntax error : missing ',' before ')'
     1>c:\users\hasan\documents\visual studio 2012\projects\project1\project1\main.cpp(169): error C2143: syntax error : missing ';' before '}'
     1>c:\users\hasan\documents\visual studio 2012\projects\project1\project1\main.cpp(172): error C2143: syntax error : missing ';' before '{'
     1>c:\users\hasan\documents\visual studio 2012\projects\project1\project1\main.cpp(173): error C2143: syntax error : missing ',' before ')'
     1>c:\users\hasan\documents\visual studio 2012\projects\project1\project1\main.cpp(175): error C2143: syntax error : missing ';' before '}'
     1>c:\users\hasan\documents\visual studio 2012\projects\project1\project1\main.cpp(177): error C2065: 'hInstance' : undeclared identifier
     1>c:\users\hasan\documents\visual studio 2012\projects\project1\project1\main.cpp(178): error C2143: syntax error : missing ';' before '{'
     1>c:\users\hasan\documents\visual studio 2012\projects\project1\project1\main.cpp(179): error C2143: syntax error : missing ',' before ')'
     1>c:\users\hasan\documents\visual studio 2012\projects\project1\project1\main.cpp(181): error C2143: syntax error : missing ';' before '}'
     1>c:\users\hasan\documents\visual studio 2012\projects\project1\project1\main.cpp(182): error C2143: syntax error : missing ';' before '}'
     1>c:\users\hasan\documents\visual studio 2012\projects\project1\project1\main.cpp(192): error C2143: syntax error : missing ';' before '{'
     1>c:\users\hasan\documents\visual studio 2012\projects\project1\project1\main.cpp(211): error C2143: syntax error : missing ',' before ')'
     1>c:\users\hasan\documents\visual studio 2012\projects\project1\project1\main.cpp(212): error C2143: syntax error : missing ',' before ')'
     1>c:\users\hasan\documents\visual studio 2012\projects\project1\project1\main.cpp(218): error C2143: syntax error : missing ';' before '{'
     1>c:\users\hasan\documents\visual studio 2012\projects\project1\project1\main.cpp(219): error C2143: syntax error : missing ',' before ')'
     1>c:\users\hasan\documents\visual studio 2012\projects\project1\project1\main.cpp(221): error C2143: syntax error : missing ';' before '}'
     1>c:\users\hasan\documents\visual studio 2012\projects\project1\project1\main.cpp(224): error C2143: syntax error : missing ';' before '{'
     1>c:\users\hasan\documents\visual studio 2012\projects\project1\project1\main.cpp(226): error C2065: 'dmScreenSettings' : undeclared identifier
     1>c:\users\hasan\documents\visual studio 2012\projects\project1\project1\main.cpp(226): error C2070: ''unknown-type'': illegal sizeof operand
     1>c:\users\hasan\documents\visual studio 2012\projects\project1\project1\main.cpp(226): error C2143: syntax error : missing ',' before ')'
     1>c:\users\hasan\documents\visual studio 2012\projects\project1\project1\main.cpp(235): error C2143: syntax error : missing ';' before '{'
     1>c:\users\hasan\documents\visual studio 2012\projects\project1\project1\main.cpp(237): error C2143: syntax error : missing ',' before ')'
     1>c:\users\hasan\documents\visual studio 2012\projects\project1\project1\main.cpp(238): error C2143: syntax error : missing ';' before '{'
     1>c:\users\hasan\documents\visual studio 2012\projects\project1\project1\main.cpp(240): error C2143: syntax error : missing ';' before '}'
     1>c:\users\hasan\documents\visual studio 2012\projects\project1\project1\main.cpp(242): error C2143: syntax error : missing ';' before '{'
     1>c:\users\hasan\documents\visual studio 2012\projects\project1\project1\main.cpp(244): error C2143: syntax error : missing ',' before ')'
     1>c:\users\hasan\documents\visual studio 2012\projects\project1\project1\main.cpp(246): error C2143: syntax error : missing ';' before '}'
     1>c:\users\hasan\documents\visual studio 2012\projects\project1\project1\main.cpp(247): error C2143: syntax error : missing ';' before '}'
     1>c:\users\hasan\documents\visual studio 2012\projects\project1\project1\main.cpp(248): error C2143: syntax error : missing ';' before '}'
     1>c:\users\hasan\documents\visual studio 2012\projects\project1\project1\main.cpp(251): error C2143: syntax error : missing ';' before '{'
     1>c:\users\hasan\documents\visual studio 2012\projects\project1\project1\main.cpp(255): error C2143: syntax error : missing ';' before '}'
     1>c:\users\hasan\documents\visual studio 2012\projects\project1\project1\main.cpp(257): error C2143: syntax error : missing ';' before '{'
     1>c:\users\hasan\documents\visual studio 2012\projects\project1\project1\main.cpp(260): error C2143: syntax error : missing ';' before '}'
     1>c:\users\hasan\documents\visual studio 2012\projects\project1\project1\main.cpp(262): error C2065: 'dwStyle' : undeclared identifier
     1>c:\users\hasan\documents\visual studio 2012\projects\project1\project1\main.cpp(262): error C2065: 'dwExStyle' : undeclared identifier
     1>c:\users\hasan\documents\visual studio 2012\projects\project1\project1\main.cpp(262): error C2143: syntax error : missing ',' before ')'
     1>c:\users\hasan\documents\visual studio 2012\projects\project1\project1\main.cpp(262): fatal error C1003: error count exceeds 100; stopping compilation
         game.cpp
     1>c:\users\hasan\documents\visual studio 2012\projects\project1\project1\bullet.h(7): error C2236: unexpected token 'class'. Did you forget a ';'?
     1>c:\users\hasan\documents\visual studio 2012\projects\project1\project1\bullet.h(7): error C2143: syntax error : missing ';' before '{'
     1>c:\users\hasan\documents\visual studio 2012\projects\project1\project1\bullet.h(7): error C2447: '{' : missing function header (old-style formal list?)
     1>c:\users\hasan\documents\visual studio 2012\projects\project1\project1\ant.h(19): error C4430: missing type specifier - int assumed. Note: C++ does not support default-int
     1>c:\users\hasan\documents\visual studio 2012\projects\project1\project1\ant.h(19): error C2143: syntax error : missing ',' before '*'
     1>c:\users\hasan\documents\visual studio 2012\projects\project1\project1\game.h(18): error C2065: 'Bullet' : undeclared identifier
     1>c:\users\hasan\documents\visual studio 2012\projects\project1\project1\game.h(18): error C2059: syntax error : '>'
     1>c:\users\hasan\documents\visual studio 2012\projects\project1\project1\game.h(21): error C2065: 'Bullet' : undeclared identifier
     1>c:\users\hasan\documents\visual studio 2012\projects\project1\project1\game.h(21): error C2059: syntax error : '>'
     1>c:\users\hasan\documents\visual studio 2012\projects\project1\project1\game.h(21): error C2039: 'iterator' : is not a member of '`global namespace''
     1>c:\users\hasan\documents\visual studio 2012\projects\project1\project1\game.h(31): error C2059: syntax error : ')'
     1>c:\users\hasan\documents\visual studio 2012\projects\project1\project1\game.h(39): error C2143: syntax error : missing ';' before '}'
     1>c:\users\hasan\documents\visual studio 2012\projects\project1\project1\game.cpp(8): error C2143: syntax error : missing ';' before '{'
     1>c:\users\hasan\documents\visual studio 2012\projects\project1\project1\game.cpp(9): error C2143: syntax error : missing ')' before ';'
     1>c:\users\hasan\documents\visual studio 2012\projects\project1\project1\game.cpp(9): error C2059: syntax error : ')'
     1>c:\users\hasan\documents\visual studio 2012\projects\project1\project1\game.cpp(10): error C2143: syntax error : missing ';' before '{'
     1>c:\users\hasan\documents\visual studio 2012\projects\project1\project1\game.cpp(11): error C2143: syntax error : missing ')' before ';'
     1>c:\users\hasan\documents\visual studio 2012\projects\project1\project1\game.cpp(11): error C2059: syntax error : ')'
     1>c:\users\hasan\documents\visual studio 2012\projects\project1\project1\game.cpp(12): error C2143: syntax error : missing ';' before '{'
     1>c:\users\hasan\documents\visual studio 2012\projects\project1\project1\game.cpp(13): error C2065: 'z' : undeclared identifier
     1>c:\users\hasan\documents\visual studio 2012\projects\project1\project1\game.cpp(13): error C2143: syntax error : missing ',' before ')'
     1>c:\users\hasan\documents\visual studio 2012\projects\project1\project1\game.cpp(14): error C2143: syntax error : missing ';' before '}'
     1>c:\users\hasan\documents\visual studio 2012\projects\project1\project1\game.cpp(15): error C2143: syntax error : missing ';' before '}'
     1>c:\users\hasan\documents\visual studio 2012\projects\project1\project1\game.cpp(16): error C2143: syntax error : missing ';' before '}'
     1>c:\users\hasan\documents\visual studio 2012\projects\project1\project1\game.cpp(18): error C2143: syntax error : missing ';' before '{'
     1>c:\users\hasan\documents\visual studio 2012\projects\project1\project1\game.cpp(20): error C2143: syntax error : missing ';' before '}'
     1>c:\users\hasan\documents\visual studio 2012\projects\project1\project1\game.cpp(22): error C2143: syntax error : missing ';' before '{'
     1>c:\users\hasan\documents\visual studio 2012\projects\project1\project1\game.cpp(23): error C2143: syntax error : missing ';' before '{'
     1>c:\users\hasan\documents\visual studio 2012\projects\project1\project1\game.cpp(25): error C2143: syntax error : missing ';' before '}'
     1>c:\users\hasan\documents\visual studio 2012\projects\project1\project1\game.cpp(27): error C2143: syntax error : missing ';' before '}'
     1>c:\users\hasan\documents\visual studio 2012\projects\project1\project1\game.cpp(29): error C2143: syntax error : missing ';' before '{'
     1>c:\users\hasan\documents\visual studio 2012\projects\project1\project1\game.cpp(30): error C2143: syntax error : missing ')' before ';'
     1>c:\users\hasan\documents\visual studio 2012\projects\project1\project1\game.cpp(30): error C2059: syntax error : ')'
     1>c:\users\hasan\documents\visual studio 2012\projects\project1\project1\game.cpp(31): error C2143: syntax error : missing ';' before '{'
     1>c:\users\hasan\documents\visual studio 2012\projects\project1\project1\game.cpp(33): error C2143: syntax error : missing ';' before '{'
     1>c:\users\hasan\documents\visual studio 2012\projects\project1\project1\game.cpp(35): error C2143: syntax error : missing ';' before '}'
     1>c:\users\hasan\documents\visual studio 2012\projects\project1\project1\game.cpp(36): error C2143: syntax error : missing ';' before '}'
     1>c:\users\hasan\documents\visual studio 2012\projects\project1\project1\game.cpp(37): error C2143: syntax error : missing ';' before '}'
     1>c:\users\hasan\documents\visual studio 2012\projects\project1\project1\game.cpp(39): error C2143: syntax error : missing ';' before '{'
     1>c:\users\hasan\documents\visual studio 2012\projects\project1\project1\game.cpp(40): error C2143: syntax error : missing ')' before ';'
     1>c:\users\hasan\documents\visual studio 2012\projects\project1\project1\game.cpp(40): error C2059: syntax error : ')'
     1>c:\users\hasan\documents\visual studio 2012\projects\project1\project1\game.cpp(40): error C2143: syntax error : missing ';' before '{'
     1>c:\users\hasan\documents\visual studio 2012\projects\project1\project1\game.cpp(41): error C2143: syntax error : missing ')' before ';'
     1>c:\users\hasan\documents\visual studio 2012\projects\project1\project1\game.cpp(41): error C2059: syntax error : ')'
     1>c:\users\hasan\documents\visual studio 2012\projects\project1\project1\game.cpp(41): error C2143: syntax error : missing ';' before '{'
     1>c:\users\hasan\documents\visual studio 2012\projects\project1\project1\game.cpp(42): error C2143: syntax error : missing ';' before '{'
     1>c:\users\hasan\documents\visual studio 2012\projects\project1\project1\game.cpp(45): error C2143: syntax error : missing ';' before '}'
     1>c:\users\hasan\documents\visual studio 2012\projects\project1\project1\game.cpp(46): error C2143: syntax error : missing ';' before '}'
     1>c:\users\hasan\documents\visual studio 2012\projects\project1\project1\game.cpp(47): error C2143: syntax error : missing ';' before '}'
     1>c:\users\hasan\documents\visual studio 2012\projects\project1\project1\game.cpp(48): error C2143: syntax error : missing ';' before '}'
     1>c:\users\hasan\documents\visual studio 2012\projects\project1\project1\game.cpp(51): error C2327: 'Game::skybox' : is not a type name, static, or enumerator
     1>c:\users\hasan\documents\visual studio 2012\projects\project1\project1\game.cpp(51): error C2065: 'skybox' : undeclared identifier
     1>c:\users\hasan\documents\visual studio 2012\projects\project1\project1\game.cpp(51): error C2275: 'Skybox' : illegal use of this type as an expression
                 c:\users\hasan\documents\visual studio 2012\projects\project1\project1\skybox.h(7) : see declaration of 'Skybox'
     1>c:\users\hasan\documents\visual studio 2012\projects\project1\project1\game.cpp(51): error C2143: syntax error : missing ',' before ')'
     1>c:\users\hasan\documents\visual studio 2012\projects\project1\project1\game.cpp(51): error C2143: syntax error : missing ';' before '{'
     1>c:\users\hasan\documents\visual studio 2012\projects\project1\project1\game.cpp(55): error C2143: syntax error : missing ';' before '}'
     1>c:\users\hasan\documents\visual studio 2012\projects\project1\project1\game.cpp(57): error C2143: syntax error : missing ';' before '{'
     1>c:\users\hasan\documents\visual studio 2012\projects\project1\project1\game.cpp(58): error C2143: syntax error : missing ',' before ')'
     1>c:\users\hasan\documents\visual studio 2012\projects\project1\project1\game.cpp(65): error C2143: syntax error : missing ';' before '}'
     1>c:\users\hasan\documents\visual studio 2012\projects\project1\project1\game.cpp(67): error C2143: syntax error : missing ';' before '{'
     1>c:\users\hasan\documents\visual studio 2012\projects\project1\project1\game.cpp(71): error C2143: syntax error : missing ')' before ';'
     1>c:\users\hasan\documents\visual studio 2012\projects\project1\project1\game.cpp(71): error C2059: syntax error : ')'
     1>c:\users\hasan\documents\visual studio 2012\projects\project1\project1\game.cpp(71): error C2143: syntax error : missing ';' before '{'
     1>c:\users\hasan\documents\visual studio 2012\projects\project1\project1\game.cpp(73): error C2143: syntax error : missing ';' before '}'
     1>c:\users\hasan\documents\visual studio 2012\projects\project1\project1\game.cpp(77): error C2143: syntax error : missing ')' before ';'
     1>c:\users\hasan\documents\visual studio 2012\projects\project1\project1\game.cpp(77): error C2059: syntax error : ')'
     1>c:\users\hasan\documents\visual studio 2012\projects\project1\project1\game.cpp(77): error C2143: syntax error : missing ';' before '{'
     1>c:\users\hasan\documents\visual studio 2012\projects\project1\project1\game.cpp(79): error C2143: syntax error : missing ';' before '}'
     1>c:\users\hasan\documents\visual studio 2012\projects\project1\project1\game.cpp(82): error C2143: syntax error : missing ';' before '}'
     1>c:\users\hasan\documents\visual studio 2012\projects\project1\project1\game.cpp(84): error C2143: syntax error : missing ';' before '{'
     1>c:\users\hasan\documents\visual studio 2012\projects\project1\project1\game.cpp(85): error C2653: 'Bullet' : is not a class or namespace name
     1>c:\users\hasan\documents\visual studio 2012\projects\project1\project1\game.cpp(86): error C2143: syntax error : missing ';' before '}'
     1>c:\users\hasan\documents\visual studio 2012\projects\project1\project1\game.cpp(88): error C2143: syntax error : missing ';' before '{'
     1>c:\users\hasan\documents\visual studio 2012\projects\project1\project1\game.cpp(90): error C2143: syntax error : missing ';' before '}'
     1>c:\users\hasan\documents\visual studio 2012\projects\project1\project1\game.cpp(91): error C2143: syntax error : missing ';' before '}'
     1>c:\users\hasan\documents\visual studio 2012\projects\project1\project1\game.cpp(91): fatal error C1004: unexpected end-of-file found
         camera.cpp
     1>c:\users\hasan\documents\visual studio 2012\projects\project1\project1\camera.cpp(8): error C2143: syntax error : missing ';' before '+'
     1>c:\users\hasan\documents\visual studio 2012\projects\project1\project1\camera.cpp(8): error C2146: syntax error : missing ')' before identifier 'v'
     1>c:\users\hasan\documents\visual studio 2012\projects\project1\project1\camera.cpp(8): error C4430: missing type specifier - int assumed. Note: C++ does not support default-int
     1>c:\users\hasan\documents\visual studio 2012\projects\project1\project1\camera.cpp(8): error C2440: 'initializing' : cannot convert from 'Camera' to 'int'
                 No user-defined-conversion operator available that can perform this conversion, or the operator cannot be called
     1>c:\users\hasan\documents\visual studio 2012\projects\project1\project1\camera.cpp(8): error C2059: syntax error : ')'
     1>c:\users\hasan\documents\visual studio 2012\projects\project1\project1\camera.cpp(9): error C2143: syntax error : missing ';' before '{'
     1>c:\users\hasan\documents\visual studio 2012\projects\project1\project1\camera.cpp(9): error C2447: '{' : missing function header (old-style formal list?)
     1>c:\users\hasan\documents\visual studio 2012\projects\project1\project1\camera.cpp(17): error C2143: syntax error : missing ';' before '-'
     1>c:\users\hasan\documents\visual studio 2012\projects\project1\project1\camera.cpp(17): error C4430: missing type specifier - int assumed. Note: C++ does not support default-int
     1>c:\users\hasan\documents\visual studio 2012\projects\project1\project1\camera.cpp(17): error C2371: 'Vector3dStruct' : redefinition; different basic types
                 c:\users\hasan\documents\visual studio 2012\projects\project1\project1\camera.cpp(8) : see declaration of 'Vector3dStruct'
     1>c:\users\hasan\documents\visual studio 2012\projects\project1\project1\camera.cpp(17): error C2146: syntax error : missing ')' before identifier 'v'
     1>c:\users\hasan\documents\visual studio 2012\projects\project1\project1\camera.cpp(17): error C2440: 'initializing' : cannot convert from 'Camera' to 'int'
                 No user-defined-conversion operator available that can perform this conversion, or the operator cannot be called
     1>c:\users\hasan\documents\visual studio 2012\projects\project1\project1\camera.cpp(17): error C2059: syntax error : ')'
     1>c:\users\hasan\documents\visual studio 2012\projects\project1\project1\camera.cpp(18): error C2143: syntax error : missing ';' before '{'
     1>c:\users\hasan\documents\visual studio 2012\projects\project1\project1\camera.cpp(18): error C2447: '{' : missing function header (old-style formal list?)
     1>c:\users\hasan\documents\visual studio 2012\projects\project1\project1\camera.cpp(27): error C2143: syntax error : missing ';' before '*'
     1>c:\users\hasan\documents\visual studio 2012\projects\project1\project1\camera.cpp(27): error C4430: missing type specifier - int assumed. Note: C++ does not support default-int
     1>c:\users\hasan\documents\visual studio 2012\projects\project1\project1\camera.cpp(27): error C2371: 'Vector3dStruct' : redefinition; different basic types
                 c:\users\hasan\documents\visual studio 2012\projects\project1\project1\camera.cpp(8) : see declaration of 'Vector3dStruct'
     1>c:\users\hasan\documents\visual studio 2012\projects\project1\project1\camera.cpp(27): error C2146: syntax error : missing ')' before identifier 'v'
     1>c:\users\hasan\documents\visual studio 2012\projects\project1\project1\camera.cpp(27): error C2440: 'initializing' : cannot convert from 'Camera' to 'int'
                 No user-defined-conversion operator available that can perform this conversion, or the operator cannot be called
     1>c:\users\hasan\documents\visual studio 2012\projects\project1\project1\camera.cpp(27): error C2059: syntax error : ')'
     1>c:\users\hasan\documents\visual studio 2012\projects\project1\project1\camera.cpp(28): error C2143: syntax error : missing ';' before '{'
     1>c:\users\hasan\documents\visual studio 2012\projects\project1\project1\camera.cpp(28): error C2447: '{' : missing function header (old-style formal list?)
     1>c:\users\hasan\documents\visual studio 2012\projects\project1\project1\camera.cpp(36): error C2146: syntax error : missing ';' before identifier 'CrossProduct'
     1>c:\users\hasan\documents\visual studio 2012\projects\project1\project1\camera.cpp(36): error C4430: missing type specifier - int assumed. Note: C++ does not support default-int
     1>c:\users\hasan\documents\visual studio 2012\projects\project1\project1\camera.cpp(36): error C2371: 'Vector3dStruct' : redefinition; different basic types
                 c:\users\hasan\documents\visual studio 2012\projects\project1\project1\camera.cpp(8) : see declaration of 'Vector3dStruct'
     1>c:\users\hasan\documents\visual studio 2012\projects\project1\project1\camera.cpp(36): error C2065: 'u' : undeclared identifier
     1>c:\users\hasan\documents\visual studio 2012\projects\project1\project1\camera.cpp(36): error C2065: 'v' : undeclared identifier
     1>c:\users\hasan\documents\visual studio 2012\projects\project1\project1\camera.cpp(37): error C2448: 'CrossProduct' : function-style initializer appears to be a function definition
     1>c:\users\hasan\documents\visual studio 2012\projects\project1\project1\camera.cpp(46): error C2146: syntax error : missing ')' before identifier 'v'
     1>c:\users\hasan\documents\visual studio 2012\projects\project1\project1\camera.cpp(46): error C2371: '*' : redefinition; different basic types
                 c:\users\hasan\documents\visual studio 2012\projects\project1\project1\camera.cpp(27) : see declaration of '*'
     1>c:\users\hasan\documents\visual studio 2012\projects\project1\project1\camera.cpp(46): error C2440: 'initializing' : cannot convert from 'Camera' to 'float'
                 No user-defined-conversion operator available that can perform this conversion, or the operator cannot be called
     1>c:\users\hasan\documents\visual studio 2012\projects\project1\project1\camera.cpp(46): error C2059: syntax error : ')'
     1>c:\users\hasan\documents\visual studio 2012\projects\project1\project1\camera.cpp(47): error C2143: syntax error : missing ';' before '{'
     1>c:\users\hasan\documents\visual studio 2012\projects\project1\project1\camera.cpp(47): error C2447: '{' : missing function header (old-style formal list?)
     1>c:\users\hasan\documents\visual studio 2012\projects\project1\project1\camera.cpp(70): error C2146: syntax error : missing ';' before identifier 'ViewPoint'
     1>c:\users\hasan\documents\visual studio 2012\projects\project1\project1\camera.cpp(70): error C2065: 'ViewPoint' : undeclared identifier
     1>c:\users\hasan\documents\visual studio 2012\projects\project1\project1\camera.cpp(70): error C2676: binary '+' : 'Vector3dStruct' does not define this operator or a conversion to a type acceptable to the predefined operator
     1>c:\users\hasan\documents\visual studio 2012\projects\project1\project1\camera.cpp(73): error C2065: 'ViewPoint' : undeclared identifier
     1>c:\users\hasan\documents\visual studio 2012\projects\project1\project1\camera.cpp(73): error C2228: left of '.x' must have class/struct/union
                 type is ''unknown-type''
     1>c:\users\hasan\documents\visual studio 2012\projects\project1\project1\camera.cpp(73): error C2228: left of '.y' must have class/struct/union
                 type is ''unknown-type''
     1>c:\users\hasan\documents\visual studio 2012\projects\project1\project1\camera.cpp(73): error C2228: left of '.z' must have class/struct/union
                 type is ''unknown-type''
     1>c:\users\hasan\documents\visual studio 2012\projects\project1\project1\camera.cpp(79): warning C4305: 'initializing' : truncation from 'double' to 'const float'
     1>c:\users\hasan\documents\visual studio 2012\projects\project1\project1\camera.cpp(80): warning C4305: 'initializing' : truncation from 'double' to 'const float'
     1>c:\users\hasan\documents\visual studio 2012\projects\project1\project1\camera.cpp(95): error C2146: syntax error : missing ')' before identifier 'Direction'
     1>c:\users\hasan\documents\visual studio 2012\projects\project1\project1\camera.cpp(95): error C2761: 'void Camera::Move(Vector3dStruct)' : member function redeclaration not allowed
     1>c:\users\hasan\documents\visual studio 2012\projects\project1\project1\camera.cpp(95): error C2059: syntax error : ')'
     1>c:\users\hasan\documents\visual studio 2012\projects\project1\project1\camera.cpp(96): error C2143: syntax error : missing ';' before '{'
     1>c:\users\hasan\documents\visual studio 2012\projects\project1\project1\camera.cpp(96): error C2447: '{' : missing function header (old-style formal list?)
     1>c:\users\hasan\documents\visual studio 2012\projects\project1\project1\camera.cpp(104): warning C4244: 'argument' : conversion from 'double' to 'float', possible loss of data
     1>c:\users\hasan\documents\visual studio 2012\projects\project1\project1\camera.cpp(104): error C2676: binary '*' : 'Vector3dStruct' does not define this operator or a conversion to a type acceptable to the predefined operator
     1>c:\users\hasan\documents\visual studio 2012\projects\project1\project1\camera.cpp(104): error C2088: '*' : illegal for struct
     1>c:\users\hasan\documents\visual studio 2012\projects\project1\project1\camera.cpp(106): error C3861: 'CrossProduct': identifier not found
     1>c:\users\hasan\documents\visual studio 2012\projects\project1\project1\camera.cpp(113): warning C4244: 'argument' : conversion from 'double' to 'float', possible loss of data
     1>c:\users\hasan\documents\visual studio 2012\projects\project1\project1\camera.cpp(113): error C2676: binary '*' : 'Vector3dStruct' does not define this operator or a conversion to a type acceptable to the predefined operator
     1>c:\users\hasan\documents\visual studio 2012\projects\project1\project1\camera.cpp(113): error C2088: '*' : illegal for struct
     1>c:\users\hasan\documents\visual studio 2012\projects\project1\project1\camera.cpp(115): error C3861: 'CrossProduct': identifier not found
     1>c:\users\hasan\documents\visual studio 2012\projects\project1\project1\camera.cpp(122): warning C4244: 'argument' : conversion from 'double' to 'float', possible loss of data
     1>c:\users\hasan\documents\visual studio 2012\projects\project1\project1\camera.cpp(122): error C2676: binary '*' : 'Vector3dStruct' does not define this operator or a conversion to a type acceptable to the predefined operator
     1>c:\users\hasan\documents\visual studio 2012\projects\project1\project1\camera.cpp(122): error C2088: '*' : illegal for struct
     1>c:\users\hasan\documents\visual studio 2012\projects\project1\project1\camera.cpp(124): error C3861: 'CrossProduct': identifier not found
     1>c:\users\hasan\documents\visual studio 2012\projects\project1\project1\camera.cpp(129): error C2676: binary '*' : 'Vector3dStruct' does not define this operator or a conversion to a type acceptable to the predefined operator
     1>c:\users\hasan\documents\visual studio 2012\projects\project1\project1\camera.cpp(134): error C2676: binary '*' : 'Vector3dStruct' does not define this operator or a conversion to a type acceptable to the predefined operator
     1>c:\users\hasan\documents\visual studio 2012\projects\project1\project1\camera.cpp(139): error C2676: binary '*' : 'Vector3dStruct' does not define this operator or a conversion to a type acceptable to the predefined operator
     1>c:\users\hasan\documents\visual studio 2012\projects\project1\project1\camera.cpp(144): error C2676: binary '*' : 'Vector3dStruct' does not define this operator or a conversion to a type acceptable to the predefined operator
     1>c:\users\hasan\documents\visual studio 2012\projects\project1\project1\camera.cpp(149): error C2676: binary '*' : 'Vector3dStruct' does not define this operator or a conversion to a type acceptable to the predefined operator
     1>c:\users\hasan\documents\visual studio 2012\projects\project1\project1\camera.cpp(154): error C2676: binary '*' : 'Vector3dStruct' does not define this operator or a conversion to a type acceptable to the predefined operator
         bullet.cpp
     1>c:\users\hasan\documents\visual studio 2012\projects\project1\project1\bullet.h(7): error C2236: unexpected token 'class'. Did you forget a ';'?
     1>c:\users\hasan\documents\visual studio 2012\projects\project1\project1\bullet.h(7): error C2143: syntax error : missing ';' before '{'
     1>c:\users\hasan\documents\visual studio 2012\projects\project1\project1\bullet.h(7): error C2447: '{' : missing function header (old-style formal list?)
     1>c:\users\hasan\documents\visual studio 2012\projects\project1\project1\bullet.cpp(5): error C2143: syntax error : missing ';' before '*'
     1>c:\users\hasan\documents\visual studio 2012\projects\project1\project1\bullet.cpp(5): error C4430: missing type specifier - int assumed. Note: C++ does not support default-int
     1>c:\users\hasan\documents\visual studio 2012\projects\project1\project1\bullet.cpp(5): error C2825: 'Bullet': must be a class or namespace when followed by '::'
     1>c:\users\hasan\documents\visual studio 2012\projects\project1\project1\bullet.cpp(5): error C2039: 'createBullet' : is not a member of '`global namespace''
     1>c:\users\hasan\documents\visual studio 2012\projects\project1\project1\bullet.cpp(5): error C2146: syntax error : missing ';' before identifier 'createBullet'
     1>c:\users\hasan\documents\visual studio 2012\projects\project1\project1\bullet.cpp(5): error C2040: 'Bullet' : 'int *' differs in levels of indirection from 'int'
     1>c:\users\hasan\documents\visual studio 2012\projects\project1\project1\bullet.cpp(6): error C2065: 'bullet' : undeclared identifier
     1>c:\users\hasan\documents\visual studio 2012\projects\project1\project1\bullet.cpp(6): error C2061: syntax error : identifier 'Bullet'
     1>c:\users\hasan\documents\visual studio 2012\projects\project1\project1\bullet.cpp(7): error C2065: 'bullet' : undeclared identifier
     1>c:\users\hasan\documents\visual studio 2012\projects\project1\project1\bullet.cpp(7): error C2227: left of '->position' must point to class/struct/union/generic type
                 type is ''unknown-type''
     1>c:\users\hasan\documents\visual studio 2012\projects\project1\project1\bullet.cpp(8): error C2065: 'bullet' : undeclared identifier
     1>c:\users\hasan\documents\visual studio 2012\projects\project1\project1\bullet.cpp(8): error C2227: left of '->view' must point to class/struct/union/generic type
                 type is ''unknown-type''
     1>c:\users\hasan\documents\visual studio 2012\projects\project1\project1\bullet.cpp(9): error C2065: 'bullet' : undeclared identifier
     1>c:\users\hasan\documents\visual studio 2012\projects\project1\project1\bullet.cpp(9): error C2227: left of '->real' must point to class/struct/union/generic type
                 type is ''unknown-type''
     1>c:\users\hasan\documents\visual studio 2012\projects\project1\project1\bullet.cpp(14): error C2065: 'bullet' : undeclared identifier
     1>c:\users\hasan\documents\visual studio 2012\projects\project1\project1\bullet.cpp(14): error C2227: left of '->speed' must point to class/struct/union/generic type
                 type is ''unknown-type''
     1>c:\users\hasan\documents\visual studio 2012\projects\project1\project1\bullet.cpp(16): error C2065: 'bullet' : undeclared identifier
     1>c:\users\hasan\documents\visual studio 2012\projects\project1\project1\bullet.cpp(21): error C2825: 'Bullet': must be a class or namespace when followed by '::'
     1>c:\users\hasan\documents\visual studio 2012\projects\project1\project1\bullet.cpp(21): error C2039: 'shift' : is not a member of '`global namespace''
     1>c:\users\hasan\documents\visual studio 2012\projects\project1\project1\bullet.cpp(21): error C2146: syntax error : missing ';' before identifier 'shift'
     1>c:\users\hasan\documents\visual studio 2012\projects\project1\project1\bullet.cpp(21): error C2182: 'Bullet' : illegal use of type 'void'
     1>c:\users\hasan\documents\visual studio 2012\projects\project1\project1\bullet.cpp(21): error C2086: 'int Bullet' : redefinition
                 c:\users\hasan\documents\visual studio 2012\projects\project1\project1\bullet.cpp(5) : see declaration of 'Bullet'
     1>c:\users\hasan\documents\visual studio 2012\projects\project1\project1\bullet.cpp(21): error C4430: missing type specifier - int assumed. Note: C++ does not support default-int
     1>c:\users\hasan\documents\visual studio 2012\projects\project1\project1\bullet.cpp(22): error C2355: 'this' : can only be referenced inside non-static member functions
     1>c:\users\hasan\documents\visual studio 2012\projects\project1\project1\bullet.cpp(22): error C2227: left of '->real' must point to class/struct/union/generic type
     1>c:\users\hasan\documents\visual studio 2012\projects\project1\project1\bullet.cpp(22): error C2228: left of '.x' must have class/struct/union
     1>c:\users\hasan\documents\visual studio 2012\projects\project1\project1\bullet.cpp(22): error C2227: left of '->view' must point to class/struct/union/generic type
     1>c:\users\hasan\documents\visual studio 2012\projects\project1\project1\bullet.cpp(22): error C2227: left of '->speed' must point to class/struct/union/generic type
     1>c:\users\hasan\documents\visual studio 2012\projects\project1\project1\bullet.cpp(23): error C2355: 'this' : can only be referenced inside non-static member functions
     1>c:\users\hasan\documents\visual studio 2012\projects\project1\project1\bullet.cpp(23): error C2227: left of '->real' must point to class/struct/union/generic type
     1>c:\users\hasan\documents\visual studio 2012\projects\project1\project1\bullet.cpp(23): error C2228: left of '.y' must have class/struct/union
     1>c:\users\hasan\documents\visual studio 2012\projects\project1\project1\bullet.cpp(23): error C2227: left of '->view' must point to class/struct/union/generic type
     1>c:\users\hasan\documents\visual studio 2012\projects\project1\project1\bullet.cpp(23): error C2227: left of '->speed' must point to class/struct/union/generic type
     1>c:\users\hasan\documents\visual studio 2012\projects\project1\project1\bullet.cpp(24): error C2355: 'this' : can only be referenced inside non-static member functions
     1>c:\users\hasan\documents\visual studio 2012\projects\project1\project1\bullet.cpp(24): error C2227: left of '->real' must point to class/struct/union/generic type
     1>c:\users\hasan\documents\visual studio 2012\projects\project1\project1\bullet.cpp(24): error C2228: left of '.z' must have class/struct/union
     1>c:\users\hasan\documents\visual studio 2012\projects\project1\project1\bullet.cpp(24): error C2227: left of '->view' must point to class/struct/union/generic type
     1>c:\users\hasan\documents\visual studio 2012\projects\project1\project1\bullet.cpp(24): error C2227: left of '->speed' must point to class/struct/union/generic type
     1>c:\users\hasan\documents\visual studio 2012\projects\project1\project1\bullet.cpp(25): warning C4508: 'shift' : function should return a value; 'void' return type assumed
     1>c:\users\hasan\documents\visual studio 2012\projects\project1\project1\bullet.cpp(28): error C2825: 'Bullet': must be a class or namespace when followed by '::'
     1>c:\users\hasan\documents\visual studio 2012\projects\project1\project1\bullet.cpp(28): error C2039: 'draw' : is not a member of '`global namespace''
     1>c:\users\hasan\documents\visual studio 2012\projects\project1\project1\bullet.cpp(28): error C2146: syntax error : missing ';' before identifier 'draw'
     1>c:\users\hasan\documents\visual studio 2012\projects\project1\project1\bullet.cpp(28): error C2182: 'Bullet' : illegal use of type 'void'
     1>c:\users\hasan\documents\visual studio 2012\projects\project1\project1\bullet.cpp(28): error C2086: 'int Bullet' : redefinition
                 c:\users\hasan\documents\visual studio 2012\projects\project1\project1\bullet.cpp(5) : see declaration of 'Bullet'
     1>c:\users\hasan\documents\visual studio 2012\projects\project1\project1\bullet.cpp(28): error C4430: missing type specifier - int assumed. Note: C++ does not support default-int
     1>c:\users\hasan\documents\visual studio 2012\projects\project1\project1\bullet.cpp(33): error C2355: 'this' : can only be referenced inside non-static member functions
     1>c:\users\hasan\documents\visual studio 2012\projects\project1\project1\bullet.cpp(33): error C2227: left of '->real' must point to class/struct/union/generic type
     1>c:\users\hasan\documents\visual studio 2012\projects\project1\project1\bullet.cpp(33): error C2228: left of '.x' must have class/struct/union
     1>c:\users\hasan\documents\visual studio 2012\projects\project1\project1\bullet.cpp(33): error C2228: left of '.y' must have class/struct/union
     1>c:\users\hasan\documents\visual studio 2012\projects\project1\project1\bullet.cpp(33): error C2228: left of '.z' must have class/struct/union
     1>c:\users\hasan\documents\visual studio 2012\projects\project1\project1\bullet.cpp(35): error C2355: 'this' : can only be referenced inside non-static member functions
     1>c:\users\hasan\documents\visual studio 2012\projects\project1\project1\bullet.cpp(35): error C2227: left of '->shift' must point to class/struct/union/generic type
     1>c:\users\hasan\documents\visual studio 2012\projects\project1\project1\bullet.cpp(37): warning C4508: 'draw' : function should return a value; 'void' return type assumed
     1>c:\users\hasan\documents\visual studio 2012\projects\project1\project1\bullet.cpp(39): error C2825: 'Bullet': must be a class or namespace when followed by '::'
     1>c:\users\hasan\documents\visual studio 2012\projects\project1\project1\bullet.cpp(39): error C2039: 'isOutOfBoundaries' : is not a member of '`global namespace''
     1>c:\users\hasan\documents\visual studio 2012\projects\project1\project1\bullet.cpp(39): error C2146: syntax error : missing ';' before identifier 'isOutOfBoundaries'
     1>c:\users\hasan\documents\visual studio 2012\projects\project1\project1\bullet.cpp(39): error C2371: 'Bullet' : redefinition; different basic types
                 c:\users\hasan\documents\visual studio 2012\projects\project1\project1\bullet.cpp(5) : see declaration of 'Bullet'
     1>c:\users\hasan\documents\visual studio 2012\projects\project1\project1\bullet.cpp(39): error C4430: missing type specifier - int assumed. Note: C++ does not support default-int
     1>c:\users\hasan\documents\visual studio 2012\projects\project1\project1\bullet.cpp(41): error C2355: 'this' : can only be referenced inside non-static member functions
     1>c:\users\hasan\documents\visual studio 2012\projects\project1\project1\bullet.cpp(41): error C2227: left of '->real' must point to class/struct/union/generic type
     1>c:\users\hasan\documents\visual studio 2012\projects\project1\project1\bullet.cpp(41): error C2228: left of '.z' must have class/struct/union
     1>c:\users\hasan\documents\visual studio 2012\projects\project1\project1\bullet.cpp(42): error C2355: 'this' : can only be referenced inside non-static member functions
     1>c:\users\hasan\documents\visual studio 2012\projects\project1\project1\bullet.cpp(42): error C2227: left of '->real' must point to class/struct/union/generic type
     1>c:\users\hasan\documents\visual studio 2012\projects\project1\project1\bullet.cpp(42): error C2228: left of '.z' must have class/struct/union
     1>c:\users\hasan\documents\visual studio 2012\projects\project1\project1\bullet.cpp(43): error C2355: 'this' : can only be referenced inside non-static member functions
     1>c:\users\hasan\documents\visual studio 2012\projects\project1\project1\bullet.cpp(43): error C2227: left of '->real' must point to class/struct/union/generic type
     1>c:\users\hasan\documents\visual studio 2012\projects\project1\project1\bullet.cpp(43): error C2228: left of '.x' must have class/struct/union
     1>c:\users\hasan\documents\visual studio 2012\projects\project1\project1\bullet.cpp(44): error C2355: 'this' : can only be referenced inside non-static member functions
     1>c:\users\hasan\documents\visual studio 2012\projects\project1\project1\bullet.cpp(44): error C2227: left of '->real' must point to class/struct/union/generic type
     1>c:\users\hasan\documents\visual studio 2012\projects\project1\project1\bullet.cpp(44): error C2228: left of '.x' must have class/struct/union
     1>c:\users\hasan\documents\visual studio 2012\projects\project1\project1\bullet.cpp(45): warning C4508: 'isOutOfBoundaries' : function should return a value; 'void' return type assumed
         ant.cpp
     1>c:\users\hasan\documents\visual studio 2012\projects\project1\project1\bullet.h(7): error C2236: unexpected token 'class'. Did you forget a ';'?
     1>c:\users\hasan\documents\visual studio 2012\projects\project1\project1\bullet.h(7): error C2143: syntax error : missing ';' before '{'
     1>c:\users\hasan\documents\visual studio 2012\projects\project1\project1\bullet.h(7): error C2447: '{' : missing function header (old-style formal list?)
     1>c:\users\hasan\documents\visual studio 2012\projects\project1\project1\ant.h(19): error C4430: missing type specifier - int assumed. Note: C++ does not support default-int
     1>c:\users\hasan\documents\visual studio 2012\projects\project1\project1\ant.h(19): error C2143: syntax error : missing ',' before '*'
     1>c:\users\hasan\documents\visual studio 2012\projects\project1\project1\ant.cpp(58): error C4430: missing type specifier - int assumed. Note: C++ does not support default-int
     1>c:\users\hasan\documents\visual studio 2012\projects\project1\project1\ant.cpp(58): error C2143: syntax error : missing ',' before '*'
     1>c:\users\hasan\documents\visual studio 2012\projects\project1\project1\ant.cpp(60): error C2065: 'bullet' : undeclared identifier
     1>c:\users\hasan\documents\visual studio 2012\projects\project1\project1\ant.cpp(60): error C2227: left of '->real' must point to class/struct/union/generic type
                 type is ''unknown-type''
     1>c:\users\hasan\documents\visual studio 2012\projects\project1\project1\ant.cpp(60): error C2228: left of '.x' must have class/struct/union
     1>c:\users\hasan\documents\visual studio 2012\projects\project1\project1\ant.cpp(61): error C2065: 'bullet' : undeclared identifier
     1>c:\users\hasan\documents\visual studio 2012\projects\project1\project1\ant.cpp(61): error C2227: left of '->real' must point to class/struct/union/generic type
                 type is ''unknown-type''
     1>c:\users\hasan\documents\visual studio 2012\projects\project1\project1\ant.cpp(61): error C2228: left of '.x' must have class/struct/union
     1>c:\users\hasan\documents\visual studio 2012\projects\project1\project1\ant.cpp(63): error C2065: 'bullet' : undeclared identifier
     1>c:\users\hasan\documents\visual studio 2012\projects\project1\project1\ant.cpp(63): error C2227: left of '->real' must point to class/struct/union/generic type
                 type is ''unknown-type''
     1>c:\users\hasan\documents\visual studio 2012\projects\project1\project1\ant.cpp(63): error C2228: left of '.y' must have class/struct/union
     1>c:\users\hasan\documents\visual studio 2012\projects\project1\project1\ant.cpp(64): error C2065: 'bullet' : undeclared identifier
     1>c:\users\hasan\documents\visual studio 2012\projects\project1\project1\ant.cpp(64): error C2227: left of '->real' must point to class/struct/union/generic type
                 type is ''unknown-type''
     1>c:\users\hasan\documents\visual studio 2012\projects\project1\project1\ant.cpp(64): error C2228: left of '.y' must have class/struct/union
     1>c:\users\hasan\documents\visual studio 2012\projects\project1\project1\ant.cpp(66): error C2065: 'bullet' : undeclared identifier
     1>c:\users\hasan\documents\visual studio 2012\projects\project1\project1\ant.cpp(66): error C2227: left of '->real' must point to class/struct/union/generic type
                 type is ''unknown-type''
     1>c:\users\hasan\documents\visual studio 2012\projects\project1\project1\ant.cpp(66): error C2228: left of '.z' must have class/struct/union
     1>c:\users\hasan\documents\visual studio 2012\projects\project1\project1\ant.cpp(67): error C2065: 'bullet' : undeclared identifier
     1>c:\users\hasan\documents\visual studio 2012\projects\project1\project1\ant.cpp(67): error C2227: left of '->real' must point to class/struct/union/generic type
                 type is ''unknown-type''
     1>c:\users\hasan\documents\visual studio 2012\projects\project1\project1\ant.cpp(67): error C2228: left of '.z' must have class/struct/union
         Generating Code...
     1>Done Building Project "C:\Users\Hasan\Documents\Visual Studio 2012\Projects\Project1\Project1\Project1.vcxproj" (Build target(s)) -- FAILED.

Build FAILED.

Time Elapsed 00:00:07.64
